<?xml version="1.0" encoding="UTF-8"?>
<testsuite xmlns:xsi="http://www.w3.org/2001/XMLSchema-instance" xsi:noNamespaceSchemaLocation="https://maven.apache.org/surefire/maven-surefire-plugin/xsd/surefire-test-report.xsd" name="io.github.akoserwal.keycloakjwt.KeycloakTokenValidatorTest" time="0.89" tests="4" errors="0" skipped="0" failures="0">
  <properties>
[...]
</properties>
  <testcase name="test_exceptionInvalidAccesstoken" classname="io.github.akoserwal.keycloakjwt.KeycloakTokenValidatorTest" time="0.514"/>
  <testcase name="test_exceptionInvalidResourceName" classname="io.github.akoserwal.keycloakjwt.KeycloakTokenValidatorTest" time="0.067"/>
  <testcase name="test_tokenValidator" classname="io.github.akoserwal.keycloakjwt.KeycloakTokenValidatorTest" time="0.138"/>
  <testcase name="test_tokenBuilder" classname="io.github.akoserwal.keycloakjwt.KeycloakTokenValidatorTest" time="0.155"/>
</testsuite>